<?xml version="1.0" encoding="UTF-8"?>
<!-- Generated by org.testng.reporters.JUnitReportReporter -->
<testsuite hostname="LAPTOP-AFTL93HH" failures="0" tests="1" name="pract2$Taurus_assignment" time="17.463" errors="0" timestamp="2024-07-21T12:01:59 IST" skipped="0">
  <testcase classname="pract2$Taurus_assignment" name="test1" time="17.463"/>
</testsuite> <!-- pract2$Taurus_assignment -->
