<?xml version="1.0" encoding="UTF-8"?>
<!-- Generated by org.testng.reporters.JUnitReportReporter -->
<testsuite hostname="LAPTOP-AFTL93HH" failures="0" tests="3" name="TA_1" time="41.916" errors="0" timestamp="2024-07-21T21:55:24 IST" skipped="0">
  <testcase classname="TA_1" name="test_1" time="16.526"/>
  <testcase classname="TA_1" name="test_2" time="11.514"/>
  <testcase classname="TA_1" name="test_3" time="13.876"/>
</testsuite> <!-- TA_1 -->
