<?xml version="1.0" encoding="UTF-8"?>
<!-- Generated by org.testng.reporters.JUnitReportReporter -->
<testsuite hostname="LAPTOP-AFTL93HH" failures="0" tests="3" name="Taurus_assignment" time="32.163" errors="0" timestamp="2024-07-21T18:35:42 IST" skipped="0">
  <testcase classname="Taurus_assignment" name="test_1" time="17.281"/>
  <testcase classname="Taurus_assignment" name="test_2" time="6.008"/>
  <testcase classname="Taurus_assignment" name="test_3" time="8.874"/>
</testsuite> <!-- Taurus_assignment -->
