<?xml version="1.0" encoding="UTF-8"?>
<!-- Generated by org.testng.reporters.JUnitReportReporter -->
<testsuite hostname="LAPTOP-AFTL93HH" failures="0" tests="2" name="TA_4" time="15.963" errors="0" timestamp="2024-07-21T22:41:14 IST" skipped="0">
  <testcase classname="TA_4" name="test_12" time="10.185"/>
  <testcase classname="TA_4" name="test_13" time="5.778"/>
</testsuite> <!-- TA_4 -->
