<?xml version="1.0" encoding="UTF-8"?>
<!-- Generated by org.testng.reporters.JUnitReportReporter -->
<testsuite hostname="LAPTOP-AFTL93HH" failures="0" tests="3" name="TA_3" time="43.059" errors="0" timestamp="2024-07-21T22:02:50 IST" skipped="0">
  <testcase classname="TA_3" name="test_09" time="12.804"/>
  <testcase classname="TA_3" name="test_10" time="16.230"/>
  <testcase classname="TA_3" name="test_11" time="14.025"/>
</testsuite> <!-- TA_3 -->
