<?xml version="1.0" encoding="UTF-8"?>
<!-- Generated by org.testng.reporters.JUnitReportReporter -->
<testsuite hostname="LAPTOP-AFTL93HH" failures="0" tests="5" name="TA_2" time="79.790" errors="0" timestamp="2024-07-21T21:56:51 IST" skipped="0">
  <testcase classname="TA_2" name="test_04" time="13.886"/>
  <testcase classname="TA_2" name="test_5" time="17.784"/>
  <testcase classname="TA_2" name="test_06" time="13.011"/>
  <testcase classname="TA_2" name="test_07" time="16.920"/>
  <testcase classname="TA_2" name="test_08" time="18.189"/>
</testsuite> <!-- TA_2 -->
