<?xml version="1.0" encoding="UTF-8"?>
<!-- Generated by org.testng.reporters.JUnitReportReporter -->
<testsuite hostname="LAPTOP-AFTL93HH" failures="0" tests="5" name="TA_Page_2" time="64.999" errors="0" timestamp="2024-07-21T19:11:00 IST" skipped="0">
  <testcase classname="TA_Page_2" name="test_04" time="14.309"/>
  <testcase classname="TA_Page_2" name="test_5" time="15.830"/>
  <testcase classname="TA_Page_2" name="test_06" time="10.148"/>
  <testcase classname="TA_Page_2" name="test_07" time="10.326"/>
  <testcase classname="TA_Page_2" name="test_08" time="14.386"/>
</testsuite> <!-- TA_Page_2 -->
