<?xml version="1.0" encoding="UTF-8"?>
<!-- Generated by org.testng.reporters.JUnitReportReporter -->
<testsuite hostname="LAPTOP-AFTL93HH" failures="0" tests="10" name="TA.TA_02" time="212.666" errors="0" timestamp="2024-09-03T22:05:06 IST" skipped="0">
  <testcase classname="TA.TA_02" name="test_04" time="10.030"/>
  <testcase classname="TA.TA_02" name="test_04" time="24.755"/>
  <testcase classname="TA.TA_02" name="test_5" time="18.064"/>
  <testcase classname="TA.TA_02" name="test_5" time="12.018"/>
  <testcase classname="TA.TA_02" name="test_06" time="16.984"/>
  <testcase classname="TA.TA_02" name="test_06" time="36.140"/>
  <testcase classname="TA.TA_02" name="test_07" time="27.569"/>
  <testcase classname="TA.TA_02" name="test_07" time="13.501"/>
  <testcase classname="TA.TA_02" name="test_08" time="30.238"/>
  <testcase classname="TA.TA_02" name="test_08" time="23.367"/>
</testsuite> <!-- TA.TA_02 -->
